 MatDIM:         3906
          20
         320        3906
          20           1           0
Legendre.dat                                                    
          10  LegPoints
  -100.000000000000                5           0           0           2
           0
   1.00000000000000        1.00000000000000        1.00000000000000     
   1.00000000000000        1.00000000000000     
 Pi=   3.14159265358979     
          60  0.000000000000000E+000   1.57079637050629     
          60  0.000000000000000E+000   1.57079637050629     
          62  1.000000000000000E-004  1.820128497836748E-002
   19.9817987150216     
   20.0000000000000     
 
 MatrixDim         3906
 HalfBandWidth          320
 Approximate peak memory usage (in Mb)    70.4779815673828     
 
 after gridmaker...
 
  1.820128497836748E-002
           1   217564.447492753       7.269956847519196E-016
           2   543565.930756518       5.966647201982120E-016
           3   543566.058114422       6.923481275582604E-016
           4   1014457.00970860       3.843874457772797E-016
           5   1014457.11271502       3.445597405954282E-016
           6   1014457.13343099       4.716375299999810E-016
           7   1630237.68061201       3.749966875308857E-016
           8   1630237.68203924       3.210642118682468E-016
           9   1630237.79094639       5.015995198218971E-016
          10   1630237.79207030       5.688564718158081E-016
          11   2390907.90242185       6.125909669781680E-016
          12   2390907.92289564       5.878955268817869E-016
          13   2390907.93278151       2.928249775672655E-016
          14   2390908.00291753       3.044667910646706E-016
          15   2390908.01984393       4.287994830591958E-016
          16   3296467.69171162       2.394853498832888E-016
          17   3296467.69337772       6.271791569745998E-016
          18   3296467.71699450       3.542002067117795E-016
          19   3296467.72080607       2.381509210481110E-016
          20   3296467.78961948       3.354502030195056E-016
 
  6.097273296942762E-002
           1   19587.3926533297       7.559139246397712E-016
           2   48637.6839096479       4.799271587804401E-016
           3   48638.1233014318       4.390376459770825E-016
           4   90599.3716976413       3.922376060842739E-016
           5   90599.7418582577       3.885435162024610E-016
           6   90599.8142240836       3.873955761427950E-016
           7   145472.440486200       2.971731545192470E-016
           8   145472.482971129       4.937926086710628E-016
           9   145472.863808314       3.822145192703841E-016
          10   145472.870624321       2.688550970539389E-016
          11   213256.759037835       3.165487779820342E-016
          12   213256.895709375       4.943227293573556E-016
          13   213256.905922290       5.217984394795113E-016
          14   213257.176686458       2.115736246313009E-016
          15   213257.248560217       2.265456144920700E-016
          16   293952.377721249       5.829689523868407E-016
          17   293952.470335112       8.050147890843827E-016
          18   293952.549124960       1.050399990012555E-015
          19   293952.552672268       3.059376564054414E-016
          20   293952.833525976       4.645782876337600E-016
 
  0.128073233972598     
           1   4595.37104100356       7.109291090796196E-016
           2   11179.3628847303       4.908639112237774E-016
           3   11180.2856455775       3.974905265844613E-016
           4   20689.9002961896       3.361263237052827E-016
           5   20690.6783655357       4.383084026825693E-016
           6   20690.8305867495       4.086373202521456E-016
           7   33126.9505874459       2.731266950447682E-016
           8   33127.0416502463       2.495468455182950E-016
           9   33127.8418853695       2.351706737347923E-016
          10   33127.8564986341       2.827530273151346E-016
          11   48490.2386868748       2.382066640945976E-016
          12   48490.5293855121       2.821076953275122E-016
          13   48490.5493267619       2.359834674364262E-016
          14   48491.1197101208       3.830288717208893E-016
          15   48491.2712913044       4.181846967463656E-016
          16   66779.8699322197       7.213717164231041E-016
          17   66780.0683889379       5.503593753049813E-016
          18   66780.2349130521       3.178403224839380E-016
          19   66780.2421416386       2.264486461549941E-016
          20   66780.8337108260       8.810095908502849E-016
 
  0.219333371686039     
           1   1683.75048387063       6.964359362309687E-016
           2   3928.28221058147       4.717919121457915E-016
           3   3929.85904481212       3.573803421833258E-016
           4   7170.94160649495       3.683467364210004E-016
           5   7172.27114519736       4.144041991213577E-016
           6   7172.53200201088       3.143197267929605E-016
           7   11411.6737340369       3.029952554930591E-016
           8   11411.8276293105       2.536498115850750E-016
           9   11413.1975943810       5.443324420685283E-016
          10   11413.2218124522       2.868873301061779E-016
          11   16650.0075795013       3.358244986346536E-016
          12   16650.5034427641       2.493097569393217E-016
          13   16650.5376647694       1.989766609495261E-016
          14   16651.5138072370       1.779836811543251E-016
          15   16651.7727770655       2.007749804597404E-016
          16   22886.1236405768       2.566148878263946E-016
          17   22886.4621424077       9.330788013359237E-016
          18   22886.7462224628       3.099243828134943E-016
          19   22886.7593945630       3.465386913833224E-016
          20   22887.7715281152       2.294692047119241E-016
 
  0.334528896309008     
           1   808.408294333880       5.817075007861512E-016
           2   1772.77983096264       4.166021559323029E-016
           3   1775.17407204895       3.785101887135191E-016
           4   3166.60654324049       3.360151159438324E-016
           5   3168.62489595372       2.612998721816824E-016
           6   3169.02283257417       2.793735917388923E-016
           7   4989.80717423770       3.193858361454091E-016
           8   4990.03474899957       4.349576271556544E-016
           9   4992.12234930166       1.289824947115883E-015
          10   4992.15701603738       4.467687243285815E-016
          11   7241.66375654422       2.507407531249196E-016
          12   7242.41252433045       1.939257337280803E-016
          13   7242.46563815886       2.848847370500727E-016
          14   7243.95131042679       3.552096515569819E-016
          15   7244.34426070870       2.145892695597141E-016
          16   9922.45215328906       2.579851185817217E-016
          17   9922.96241007549       1.871919624145716E-016
          18   9923.39207257473       2.394552307418955E-016
          19   9923.41474423991       2.009458773941866E-016
          20   9924.95444886675       2.287229194460315E-016
 
  0.473377642113371     
           1   461.993988242849       5.609681499738171E-016
           2   942.981878765142       3.679632895688736E-016
           3   946.343464264012       3.183676147814223E-016
           4   1638.92632755828       3.013135105211108E-016
           5   1641.75927235166       2.603955325551785E-016
           6   1642.32149183693       2.688681337913850E-016
           7   2549.71619644891       2.389042200796270E-016
           8   2550.02100081350       2.120207803395104E-016
           9   2552.96980841813       2.163313168653397E-016
          10   2553.01445489776       2.252380961692356E-016
          11   3674.33805375419       2.828567659563940E-016
          12   3675.37998735880       5.204358347648818E-016
          13   3675.45747339201       3.095510714551903E-016
          14   3677.55114908472       5.239307685826108E-016
          15   3678.10277173686       2.154941044541227E-016
          16   5013.18382174888       3.640586898386225E-016
          17   5013.89106190706       3.282114528125243E-016
          18   5014.49109595280       2.160709541788967E-016
          19   5014.52953396526       1.805169648555431E-016
          20   5016.69767241908       3.751749586492097E-016
 
  0.635539725243658     
           1   293.342796577600       5.066565969065622E-016
           2   559.452617411040       3.930340059865920E-016
           3   563.910052997602       2.688274240998149E-016
           4   945.399614433132       3.261461209986558E-016
           5   949.154383904278       2.440125153301179E-016
           6   949.904788265379       2.576461441508736E-016
           7   1451.03669344787       2.394988893994510E-016
           8   1451.41057494370       2.106489085168314E-016
           9   1455.35694254248       4.421629459769524E-016
          10   1455.41032090495       3.047086248237592E-016
          11   2075.01238699944       2.318170103565395E-016
          12   2076.37681364125       2.994810551359167E-016
          13   2076.48566103405       3.279897281175134E-016
          14   2079.27639826323       1.987581747292469E-016
          15   2080.00906431507       1.875950063865521E-016
          16   2817.85655054332       2.076689432085049E-016
          17   2818.77554392713       3.159138897389833E-016
          18   2819.56669203520       1.952765300029477E-016
          19   2819.63181361382       2.688632777478613E-016
          20   2822.51856019145       3.411008357662491E-016
 
  0.820618264897184     
           1   196.108379800980       5.030602949880473E-016
           2   354.884662756857       3.998047250585137E-016
           3   360.535176896060       2.901228680363392E-016
           4   586.211510227106       2.769926948592375E-016
           5   590.967797083448       2.295623463480298E-016
           6   591.923057063655       2.516291863346228E-016
           7   889.889770111495       2.893052253185711E-016
           8   890.307707176093       2.425424112636575E-016
           9   895.376487587930       2.626962165230855E-016
          10   895.438317795214       1.822994477653253E-016
          11   1264.19972561210       2.374124736460928E-016
          12   1265.90215460130       2.020893957135473E-016
          13   1266.05161689918       2.548076637897893E-016
          14   1269.61283242275       2.418138013214967E-016
          15   1270.54664204018       1.525513820717462E-016
          16   1709.83341155779       2.695086095621754E-016
          17   1710.96390083572       6.470131117741653E-016
          18   1711.96296882044       4.044008154492773E-016
          19   1712.07306595895       7.376732614440236E-016
          20   1715.75119121583       3.874293918299405E-016
 
   1.02816032154150     
           1   131.972599782768       4.639455474574012E-016
           2   232.212726354520       3.359037318357588E-016
           3   239.111670876497       2.819292945650787E-016
           4   379.434045873991       3.183790089083714E-016
           5   385.232741596529       2.321033118854135E-016
           6   386.395798046217       2.347545837537077E-016
           7   573.344687370193       3.184438799009776E-016
           8   573.759093770997       4.539416823150558E-016
           9   580.057620789092       2.295617299278423E-016
          10   580.131575179952       4.705202667440302E-016
          11   811.849194670297       2.246543489718169E-016
          12   813.889696147524       2.801713120694949E-016
          13   814.092192298995       7.187792223797660E-016
          14   818.472674740667       4.275338757454713E-016
          15   819.625976509996       3.041020041906060E-016
          16   1095.83032312913       2.832160914793311E-016
          17   1097.15205743417       2.778516774619981E-016
          18   1098.37331660898       2.007922187200019E-016
          19   1098.55788543401       1.706313550783314E-016
          20   1103.07315238489       6.050731578750002E-016
 
   1.25765799342373     
           1   85.3271599744756       4.686645995344251E-016
           2   151.378732538247       4.180569469853765E-016
           3   159.530469503289       3.325685910711430E-016
           4   249.695760432529       2.554632282477244E-016
           5   256.525092953814       2.258649167206598E-016
           6   257.875632829107       2.485991020606185E-016
           7   379.804258344279       2.377533950263790E-016
           8   380.139203481049       1.771049749061469E-016
           9   387.749159764591       2.547964122970271E-016
          10   387.846443230869       2.105859867469336E-016
          11   539.263110588328       2.733805693697275E-016
          12   541.626681913237       2.883206243916358E-016
          13   541.898766351830       2.098703032200206E-016
          14   547.110364886434       2.060143096896702E-016
          15   548.500328178499       1.961645655306121E-016
          16   729.181413050674       2.972917854273283E-016
          17   730.649133860390       1.871242780691283E-016
          18   732.107100482239       2.516652619730363E-016
          19   732.412246286370       5.219665585275647E-016
          20   737.770161010980       1.683036195744916E-016
 
   1.50854965457009     
           1   49.1912491317223       7.069188168984815E-016
           2   94.1528095498000       4.536843045221748E-016
           3   103.506795721970       3.827580222228234E-016
           4   162.539100254952       3.240898564301571E-016
           5   170.317927222170       3.408920476033554E-016
           6   171.800389171524       2.529506503340030E-016
           7   253.520577429530       3.021098462764206E-016
           8   253.666819348240       4.209683313665370E-016
           9   262.633567981668       2.697518732067770E-016
          10   262.775578369922       2.232819044527594E-016
          11   364.397096242260       2.413406103257291E-016
          12   367.056723134704       2.191741036958836E-016
          13   367.419779122046       2.626264073644530E-016
          14   373.421470561197       1.798993581078997E-016
          15   375.063658392935       1.594227758974848E-016
          16   496.550113654490       1.951185403946641E-016
          17   498.088959380930       2.925622883517719E-016
          18   499.802238536819       4.783466960094378E-016
          19   500.298200039897       1.743128037921380E-016
          20   506.446389797395       1.641473703404735E-016
 
   1.78022132692483     
           1   20.1763135551479       1.297070840375518E-015
           2   51.5381537720725       5.975627413724399E-016
           3   61.9948557629599       4.266249397908546E-016
           4   100.915484059926       3.828605064897871E-016
           5   109.474433835424       3.238802245444296E-016
           6   110.986929825047       2.930119279621981E-016
           7   166.635000565617       3.114892596472199E-016
           8   166.822185408530       3.988328230350910E-016
           9   176.954240465238       3.473519834799421E-016
          10   177.171758293670       3.081945222397668E-016
          11   246.463749227537       3.933895876929377E-016
          12   249.386931900114       2.525550760460003E-016
          13   249.866667682824       2.656676003434727E-016
          14   256.545491496571       3.345732081994864E-016
          15   258.450649724242       2.668555480533312E-016
          16   341.552454946150       3.667033216851347E-016
          17   343.054437946415       2.174775235395483E-016
          18   345.050012368249       1.940947963991715E-016
          19   345.841050350857       1.878775950914515E-016
          20   352.646917113329       5.169562423492559E-016
 
   2.07200818173792     
           1  -3.51013593705173       4.644147725860336E-015
           2   18.7491552329143       1.439499639227372E-015
           3   30.1786115674983       7.571240940995923E-016
           4   55.7950396411431       4.718336359448651E-016
           5   64.8593710460669       4.153622455981553E-016
           6   66.2522049757153       4.151284763388859E-016
           7   104.322283534064       4.386384698260009E-016
           8   105.018118298425       7.173997555984673E-016
           9   115.925391647090       2.309057735315330E-016
          10   116.250716807256       2.663485898893293E-016
          11   163.793546407993       3.790323713769272E-016
          12   166.952753649271       4.930758728638297E-016
          13   167.575831922157       8.423976058046633E-016
          14   174.727229963073       7.021478130904716E-016
          15   176.893290789725       3.163793403979352E-016
          16   234.229818927783       3.474461740191352E-016
          17   235.552402429825       4.420071208164738E-016
          18   237.869686821198       3.503770439787983E-016
          19   239.105164816236       2.530600627038456E-016
          20   246.330051806141       2.880258513970424E-016
 
   2.38319616591880     
           1  -22.9174920984537       5.969375698994013E-016
           2  -6.95833724617835       2.589044844473591E-015
           3   5.31015480800913       3.224542988143563E-015
           4   22.0737970932683       1.156449513561045E-015
           5   31.2585131091971       7.197655562162319E-016
           6   32.3563245367363       6.198322361085187E-016
           7   58.4214125699782       7.229786573801300E-016
           8   59.8110366800264       4.698941080447879E-016
           9   71.1647422026094       3.598853959723611E-016
          10   71.6136034244369       3.601043681990390E-016
          11   104.181763981042       5.557590624865108E-016
          12   107.566358198997       3.374027876203531E-016
          13   108.352726960581       3.467364578557588E-016
          14   115.667415120485       7.560362769038554E-016
          15   118.067186348995       7.991268731857540E-016
          16   157.732812173407       2.552628658905616E-016
          17   158.701398738776       2.274710552563039E-016
          18   161.395445928740       5.598288613652723E-016
          19   163.276563031783       3.689379365072227E-016
          20   170.552879894282       4.967853302613811E-016
 
   2.71302374911163     
           1  -38.7373008683928       1.639777434176288E-015
           2  -27.2770648619308       4.308621795681879E-015
           3  -14.2878149868944       4.907847163637182E-015
           4  -3.34312724838556       5.455945842779451E-014
           5   5.49130631659933       2.678240890370653E-014
           6   6.15004923660947       1.736016456749349E-014
           7   23.9731220421027       4.794423329885668E-015
           8   26.2045925494087       1.343092777931853E-015
           9   37.6425224690677       3.042304544862536E-015
          10   38.1883188852358       4.120240805321279E-015
          11   60.3745998050218       3.607811788507125E-015
          12   63.9913929578495       1.493459318354721E-015
          13   64.9452148671718       2.869045381878499E-015
          14   72.0179843623178       2.226543145159642E-015
          15   74.5926631233695       2.244790770567131E-015
          16   102.084085663821       1.065436141013563E-015
          17   102.501805431848       2.031133974390588E-015
          18   105.644486354654       1.146328571061805E-015
          19   108.410823711661       3.448573261688801E-015
          20   115.241797015364       2.043698975573602E-015
 
   3.06068378709295     
           1  -51.4836186435012       2.272338194914111E-015
           2  -43.3181307226162       1.982425251352796E-015
           3  -29.7166040317405       2.194455764456472E-015
           4  -22.4912950510668       6.743588222351604E-016
           5  -14.4978983967178       1.741129066566955E-014
           6  -14.3113776837443       2.755025074955279E-015
           7  -2.14694781794009       1.123590242382996E-013
           8  0.967629885114228       1.151152219945288E-013
           9   12.1968871601473       5.636340758887256E-015
          10   12.7518832076684       4.743072963868625E-015
          11   27.8395901724606       8.130821016983254E-015
          12   31.6723617738153       4.969548056744127E-015
          13   32.7841794527536       5.078297621530135E-015
          14   39.1688997647088       1.060422759464657E-014
          15   41.8533986938647       6.419213723870764E-015
          16   60.7466478877071       1.459186653824308E-015
          17   61.0762488634906       3.916805092072255E-015
          18   64.4218695359612       1.052788662938248E-015
          19   68.2891771850706       1.676571311347821E-015
          20   74.1108995149193       1.622203813063299E-015
 
   3.42532549687024     
           1  -61.5765097799268       1.443604582044367E-015
           2  -55.8512612454993       1.453666258044900E-016
           3  -41.7648725918121       3.819913854851005E-015
           4  -36.8266548689585       1.939250069475780E-015
           5  -30.2509607441989       5.015906242961144E-015
           6  -30.0920219696587       1.655514036205599E-014
           7  -22.0107805170800       3.445105077650220E-015
           8  -18.1246648653473       8.319417179548914E-015
           9  -7.22189611305327       2.054174148128692E-014
          10  -6.80207048934301       5.124234280274790E-014
          11   3.61715345833507       7.372357616332964E-014
          12   7.52714676454270       1.880972445408471E-014
          13   8.79907527044139       4.479471948873930E-014
          14   14.1262089620550       1.545852436747009E-014
          15   16.9211828248765       1.626397913358878E-014
          16   29.4134914365953       1.008841940129401E-014
          17   30.6465017809805       8.779045344362576E-016
          18   33.6973538198470       7.146364710551049E-015
          19   38.7372052622061       6.716392688244231E-015
          20   43.0020565562806       7.240175846263757E-015
 
   3.80605653861568     
           1  -69.3773909624378       2.738215711252768E-016
           2  -65.4466392544722       1.854427560830103E-016
           3  -51.0496589394814       1.509442155907817E-015
           4  -47.4593788880037       6.109569834709734E-016
           5  -42.4949857127881       9.469841795868995E-016
           6  -42.2420120092197       1.486825117667434E-015
           7  -37.0597317049076       8.262205366722383E-016
           8  -32.6284495785391       7.423224539699344E-016
           9  -21.9804637558219       2.206101438136331E-015
          10  -21.8764880344944       3.639605675099308E-015
          11  -14.3072163354767       3.488272408145372E-015
          12  -10.6679281971655       5.372767875302958E-015
          13  -9.19657931497315       6.907366593520207E-015
          14  -5.07886454455762       5.628331648889080E-015
          15  -2.05185349566420       3.526825801793506E-014
          16   5.79086761940538       1.112626007194112E-014
          17   7.99514263528015       2.492587272045513E-015
          18   10.7108226510340       3.292584471905618E-015
          19   16.7498333192013       4.728169911592809E-015
          20   18.9705125849448       1.410900622039055E-015
 
   4.20194519932282     
           1  -75.2026929824875       4.121382727482443E-017
           2  -72.5628759033884       9.882175627889559E-017
           3  -58.0824645369333       7.495165037120337E-017
           4  -55.2700445536080       1.224694412476515E-016
           5  -51.6744647190081       1.555407523071213E-016
           6  -51.6138410514795       1.900910168948662E-016
           7  -48.3404179455249       2.497594986800016E-016
           8  -43.6042730949906       2.611287887207175E-016
           9  -33.4438289816568       5.373063377062396E-016
          10  -33.0474428731480       2.034832525026911E-016
          11  -27.4006119139156       4.771867330626729E-016
          12  -24.5113202928812       5.288907432208089E-016
          13  -22.7781314671956       7.997141142469846E-016
          14  -19.7565565052342       4.376202537551269E-016
          15  -16.3171187235774       1.132610730746360E-015
          16  -12.0152667460063       8.355428003967149E-016
          17  -8.89043076070836       2.400583297777128E-015
          18  -6.51550138267365       2.638731154205259E-015
          19  0.132829248197311       1.156595869800702E-013
          20  0.663144958255927       4.479724310354008E-014
 
   4.61202267283200     
           1  -79.3310342123908       3.847732527251912E-017
           2  -77.5933010499383       5.593298816036129E-017
           3  -63.2910086191583       1.419012812100892E-016
           4  -60.9833178305150       8.740767735570189E-017
           5  -58.6926290162732       8.695961651115479E-017
           6  -58.2915415061804       2.125949503269600E-016
           7  -56.6410150542619       9.202973426965035E-017
           8  -51.7798128892140       1.310434863980693E-016
           9  -42.1966111869387       1.559043434924084E-016
          10  -41.1767008320619       1.619946732149420E-016
          11  -36.8681234235785       2.453820348549721E-016
          12  -35.0414581746261       1.837475777419507E-016
          13  -33.0266317136434       2.777051208517533E-016
          14  -30.8378834121636       3.364628352601918E-016
          15  -26.8911262792700       2.471430576097372E-016
          16  -25.3706747399463       3.719489335088119E-016
          17  -21.4924451590128       8.487238628799892E-016
          18  -19.4107639118021       6.373058099350716E-016
          19  -13.1600742518023       1.442911628322959E-015
          20  -12.6377087556298       1.008657425024152E-015
 
   5.03528543063942     
           1  -82.0099949787943       3.543332648383261E-017
           2  -80.8843951911335       4.732808154311473E-017
           3  -67.0223222773126       6.173998208121701E-017
           4  -65.1783450646725       5.159702976763282E-017
           5  -63.8575076599714       7.283334272191956E-017
           6  -62.7547965298277       1.035620239929838E-016
           7  -62.5723312645879       7.812045991066992E-017
           8  -57.6951546660886       8.969079196492263E-017
           9  -48.6603283727153       1.024396951159070E-016
          10  -46.9957897172147       1.252446823516467E-016
          11  -43.9256014306558       1.315064093800946E-016
          12  -42.6827742048065       1.776605880885733E-016
          13  -40.6706463597417       1.674313515144404E-016
          14  -39.0501022193308       1.445356727326438E-016
          15  -35.2877543943518       2.966730602734027E-016
          16  -34.6666346074847       2.420278068847694E-016
          17  -30.8970159418106       3.795343316440354E-016
          18  -28.9984840315395       3.152343577175618E-016
          19  -23.4850975323086       5.092795061022346E-016
          20  -23.0658369178804       5.419699124425168E-016
 
   5.47069767768419     
           1  -83.4623910622262       2.626898831590779E-017
           2  -82.7416249950951       3.827902701661247E-017
           3  -69.5468435691932       4.528738669550532E-017
           4  -68.1785561753444       4.883526496249790E-017
           5  -67.4268565163402       5.540347993281121E-017
           6  -66.6175671911222       5.969460827752553E-017
           7  -65.5157517886648       6.259685943934076E-017
           8  -61.7857977436562       8.315079190668123E-017
           9  -53.2943022570799       7.363046453161325E-017
          10  -51.0351106956801       1.353772876191483E-016
          11  -49.6050564517818       9.034311995968739E-017
          12  -47.6088838591427       1.136246651327760E-016
          13  -46.2534716896384       3.084526921690750E-016
          14  -44.9709860825638       2.107179041699572E-016
          15  -42.5343121217225       1.443449896865609E-016
          16  -40.3583713453218       2.829856814113028E-016
          17  -37.8653167573875       4.959063958389668E-016
          18  -36.0450715878216       2.135700488640685E-016
          19  -31.1054620745796       3.230608513542126E-016
          20  -31.0715488459002       6.415702762171951E-016
 
   5.91719388710146     
           1  -83.8903631737419       2.823250625032892E-017
           2  -83.4318745997038       3.110097840088024E-017
           3  -71.0724203511209       4.985257094254886E-017
           4  -70.1142886866581       7.487335237818445E-017
           5  -69.6785663220036       5.270723653042955E-017
           6  -69.1641715959623       5.648685412329781E-017
           7  -67.0434098962544       5.490656642858113E-017
           8  -64.4140451565495       7.498809698717969E-017
           9  -56.5046664104188       1.570263651505011E-016
          10  -53.8510609930547       8.238492123286072E-017
          11  -53.7337948880167       9.874099481278012E-017
          12  -50.8363260901338       1.503092607353029E-016
          13  -50.2185688845737       1.189603543046927E-016
          14  -49.0145827007721       1.564196403772142E-016
          15  -47.7030116226151       1.370701940556212E-016
          16  -44.4769052028610       1.511818026570958E-016
          17  -42.9256394113210       1.881274646921758E-016
          18  -41.1508417960491       2.837683941739122E-016
          19  -37.1769892681806       2.522429286855626E-016
          20  -36.6451623975537       1.635319806897759E-016
 
   6.37368140773738     
           1  -83.4769776784081       3.510018636685279E-017
           2  -83.1858200893179       2.890691376421845E-017
           3  -71.7645380684748       3.507626768887487E-017
           4  -71.1133846241530       3.505614468960636E-017
           5  -70.8564371021097       4.858854194259269E-017
           6  -70.5254008777795       3.588641839869708E-017
           7  -67.6765853717751       4.636868966846769E-017
           8  -65.8810471055116       6.088298687618753E-017
           9  -58.6150500607375       2.600628364181305E-016
          10  -56.7740890580700       7.398686923813270E-017
          11  -55.4390598009235       1.040782217151765E-016
          12  -53.0932845924973       1.192852507613847E-016
          13  -52.9246981903295       2.027484360911169E-016
          14  -51.4418924168000       1.307614002568251E-016
          15  -51.2570760548474       2.493367226047008E-016
          16  -47.3750228460248       3.555962929012741E-016
          17  -46.4761818089117       1.949212682694922E-016
          18  -44.7792641631612       2.315453075294652E-016
          19  -41.7567771640901       1.554769977463419E-016
          20  -40.6081307475264       4.920444422136931E-016
 
   6.83904313804374     
           1  -82.3863767541220       2.877905136119982E-017
           2  -82.2008618700425       2.225329225866677E-017
           3  -71.7637458949133       4.666760365309298E-017
           4  -71.3259521671172       3.536032140586347E-017
           5  -71.1721105288990       5.309555675305377E-017
           6  -70.9558112283714       3.623098241571000E-017
           7  -67.6363358707108       5.052867285848202E-017
           8  -66.4359991289974       5.530367498630715E-017
           9  -59.8618795625309       6.017758049877916E-017
          10  -58.6061904006306       1.528419487434680E-016
          11  -56.4086402277692       1.544949103871277E-016
          12  -54.6662134447870       1.560057179240841E-016
          13  -54.6511024209955       1.804026566728276E-016
          14  -53.5615016373266       1.555505145274197E-016
          15  -52.6265755566064       1.187529515825447E-016
          16  -49.3132912586637       7.171616100905697E-016
          17  -48.8382812236535       1.914182299973149E-016
          18  -47.2833134742918       2.921634959518756E-016
          19  -45.0789872411214       9.918152657533060E-016
          20  -44.3246056028731       4.416766441664154E-016
 
   7.31214025980830     
           1  -80.7636623326469       2.095299465008134E-017
           2  -80.6444426045617       2.309581155629755E-017
           3  -71.1954850798049       2.794773189400791E-017
           4  -70.9005056326628       4.046169480225055E-017
           5  -70.8068891167378       4.016364851977267E-017
           6  -70.6629591860598       3.673855120020668E-017
           7  -67.0775629050504       3.899474208851244E-017
           8  -66.2848888582451       5.021337843214728E-017
           9  -60.4166429803275       7.788059284721286E-017
          10  -59.5629554174795       8.784341297649482E-017
          11  -56.8234866434425       2.372385225587363E-016
          12  -55.6127376617103       1.011644533143346E-016
          13  -55.5903191465333       7.502212171720579E-017
          14  -54.9052846899176       1.533565111786213E-016
          15  -53.0307280268166       1.870649216980010E-016
          16  -50.4992958670994       1.317343317715799E-016
          17  -50.2733728654561       1.043953669661469E-016
          18  -48.9268061553207       1.740208821690136E-016
          19  -47.3679457488379       9.446141011333750E-017
          20  -46.8587642769344       1.074221822863426E-016
